TN:
SF:src/settings.ts
FNF:0
FNH:0
DA:1,5
DA:5,5
LF:2
LH:2
BRF:0
BRH:0
end_of_record
TN:
SF:src/components/pagination/Pagination.tsx
FN:1,(anonymous_0)
FNF:1
FNH:1
FNDA:4,(anonymous_0)
DA:1,1
DA:14,4
DA:32,1
LF:3
LH:3
BRF:0
BRH:0
end_of_record
TN:
SF:src/hooks/useDebounce/useDebounce.ts
FN:6,useDebounce
FN:13,(anonymous_1)
FN:14,(anonymous_2)
FN:21,debounced
FN:26,(anonymous_4)
FNF:5
FNH:5
FNDA:17,useDebounce
FNDA:15,(anonymous_1)
FNDA:15,(anonymous_2)
FNDA:13,debounced
FNDA:11,(anonymous_4)
DA:1,2
DA:11,17
DA:13,17
DA:14,15
DA:15,15
DA:16,6
DA:21,17
DA:22,13
DA:23,1
DA:26,13
DA:27,11
DA:30,13
DA:34,2
LF:13
LH:13
BRDA:15,0,0,6
BRDA:22,1,0,1
BRF:2
BRH:2
end_of_record
TN:
SF:src/hooks/usePagination/usePagination.ts
FN:3,(anonymous_0)
FN:7,(anonymous_1)
FN:7,(anonymous_2)
FN:8,(anonymous_3)
FN:8,(anonymous_4)
FNF:5
FNH:5
FNDA:11,(anonymous_0)
FNDA:1,(anonymous_1)
FNDA:1,(anonymous_2)
FNDA:2,(anonymous_3)
FNDA:2,(anonymous_4)
DA:1,1
DA:3,1
DA:4,11
DA:5,11
DA:7,11
DA:8,11
DA:10,11
DA:20,1
LF:8
LH:8
BRDA:3,0,0,8
BRDA:3,1,0,10
BRF:2
BRH:2
end_of_record
TN:
SF:src/users/actions/userActions.ts
FN:5,(anonymous_0)
FN:6,(anonymous_1)
FN:16,(anonymous_2)
FN:28,(anonymous_3)
FN:39,(anonymous_4)
FN:51,(anonymous_5)
FN:62,(anonymous_6)
FN:70,(anonymous_7)
FNF:8
FNH:4
FNDA:5,(anonymous_0)
FNDA:2,(anonymous_1)
FNDA:0,(anonymous_2)
FNDA:0,(anonymous_3)
FNDA:0,(anonymous_4)
FNDA:0,(anonymous_5)
FNDA:1,(anonymous_6)
FNDA:1,(anonymous_7)
DA:1,5
DA:2,5
DA:6,5
DA:7,2
DA:8,2
DA:11,1
DA:13,1
DA:16,5
DA:17,0
DA:18,0
DA:22,0
DA:24,0
DA:28,5
DA:29,0
DA:30,0
DA:33,0
DA:35,0
DA:39,5
DA:40,0
DA:41,0
DA:45,0
DA:47,0
DA:51,5
DA:52,0
DA:53,0
DA:56,0
DA:58,0
DA:62,5
DA:63,1
DA:64,1
DA:65,1
DA:67,0
DA:70,5
DA:71,1
DA:72,1
DA:73,0
DA:77,1
DA:78,1
DA:84,5
LF:39
LH:21
BRDA:6,0,0,0
BRDA:6,1,0,0
BRDA:62,2,0,1
BRDA:64,3,0,1
BRDA:65,4,0,1
BRDA:65,4,1,0
BRDA:72,5,0,0
BRF:7
BRH:3
end_of_record
TN:
SF:src/users/create-user/CreateUser.tsx
FN:4,(anonymous_0)
FN:16,(anonymous_1)
FN:48,(anonymous_2)
FN:62,(anonymous_3)
FN:76,(anonymous_4)
FNF:5
FNH:5
FNDA:12,(anonymous_0)
FNDA:2,(anonymous_1)
FNDA:2,(anonymous_2)
FNDA:2,(anonymous_3)
FNDA:2,(anonymous_4)
DA:1,1
DA:2,1
DA:4,1
DA:11,12
DA:12,12
DA:13,12
DA:14,12
DA:16,12
DA:18,2
DA:19,2
DA:20,0
DA:21,0
DA:25,2
DA:30,2
DA:31,1
DA:34,1
DA:37,12
DA:48,2
DA:62,2
DA:76,2
DA:91,1
LF:21
LH:19
BRDA:19,0,0,0
BRDA:19,1,0,2
BRDA:19,1,1,2
BRDA:19,1,2,2
BRDA:30,2,0,1
BRDA:86,3,0,12
BRDA:86,3,1,1
BRF:7
BRH:6
end_of_record
TN:
SF:src/users/edit-user/EditUser.tsx
FN:5,(anonymous_0)
FN:17,(anonymous_1)
FN:19,(anonymous_2)
FN:25,(anonymous_3)
FNF:4
FNH:4
FNDA:6,(anonymous_0)
FNDA:2,(anonymous_1)
FNDA:2,(anonymous_2)
FNDA:1,(anonymous_3)
DA:1,1
DA:3,1
DA:5,1
DA:14,6
DA:15,6
DA:17,6
DA:18,2
DA:19,2
DA:25,6
DA:26,1
DA:28,1
DA:30,1
DA:31,0
DA:33,1
DA:36,6
DA:92,1
LF:16
LH:15
BRDA:30,0,0,0
BRDA:87,1,0,6
BRDA:87,1,1,0
BRF:3
BRH:1
end_of_record
TN:
SF:src/users/user-info/UserInformation.tsx
FN:4,(anonymous_0)
FN:13,(anonymous_1)
FN:31,(anonymous_2)
FN:34,(anonymous_3)
FNF:4
FNH:2
FNDA:2,(anonymous_0)
FNDA:0,(anonymous_1)
FNDA:1,(anonymous_2)
FNDA:0,(anonymous_3)
DA:1,1
DA:4,1
DA:13,2
DA:14,0
DA:15,0
DA:16,0
DA:18,0
DA:20,2
DA:31,1
DA:34,0
DA:42,1
LF:11
LH:6
BRDA:15,0,0,0
BRF:1
BRH:0
end_of_record
TN:
SF:src/users/user-search/UserSearch.tsx
FN:7,(anonymous_0)
FN:12,(anonymous_1)
FN:30,(anonymous_2)
FNF:3
FNH:3
FNDA:15,(anonymous_0)
FNDA:4,(anonymous_1)
FNDA:6,(anonymous_2)
DA:1,1
DA:4,1
DA:5,1
DA:7,1
DA:8,15
DA:9,14
DA:10,14
DA:12,14
DA:13,4
DA:14,4
DA:15,4
DA:17,3
DA:18,3
DA:19,2
DA:21,1
DA:23,1
DA:28,14
DA:30,14
DA:31,6
DA:32,6
DA:33,6
DA:36,14
DA:60,1
LF:23
LH:23
BRDA:18,0,0,2
BRDA:18,1,0,3
BRDA:18,1,1,1
BRDA:47,2,0,14
BRDA:47,2,1,1
BRDA:48,3,0,14
BRDA:48,3,1,1
BRF:7
BRH:7
end_of_record
